
=== Mon Aug  3 19:46:30 2020

Packages were changed.
Update Mode: updateDependencies

The following packages were updated:
  com.unity.2d.spriteshape from version 3.0.11 to 3.0.12
  com.unity.ide.vscode from version 1.2.0 to 1.2.1

=== Thu Aug  6 14:34:01 2020

Packages were changed.
Update Mode: updateDependencies

The following packages were added:
  com.unity.ide.visualstudio@2.0.0
The following packages were updated:
  com.unity.2d.animation from version 3.2.2 to 4.1.0
  com.unity.2d.pixel-perfect from version 2.0.4 to 3.0.1
  com.unity.2d.psdimporter from version 2.1.4 to 3.1.1
  com.unity.2d.spriteshape from version 3.0.12 to 4.0.2
  com.unity.collab-proxy from version 1.2.16 to 1.3.7
  com.unity.ide.rider from version 1.1.4 to 1.2.1
  com.unity.textmeshpro from version 2.0.1 to 3.0.0-preview.1

=== Wed Jun  2 19:30:32 2021

Packages were changed.
Update Mode: updateDependencies

The following packages were updated:
  com.unity.2d.animation from version 4.1.0 to 5.0.3
  com.unity.2d.pixel-perfect from version 3.0.1 to 4.0.1
  com.unity.2d.psdimporter from version 3.1.1 to 4.0.2
  com.unity.2d.spriteshape from version 4.0.2 to 5.1.0
  com.unity.collab-proxy from version 1.3.7 to 1.3.9
  com.unity.ide.rider from version 1.2.1 to 3.0.5
  com.unity.ide.visualstudio from version 2.0.0 to 2.0.7
  com.unity.ide.vscode from version 1.2.1 to 1.2.3
  com.unity.test-framework from version 1.1.14 to 1.1.22
  com.unity.textmeshpro from version 3.0.0-preview.1 to 3.0.4
  com.unity.timeline from version 1.2.14 to 1.5.2

=== Sun Jun 13 23:06:58 2021

Packages were changed.
Update Mode: updateDependencies

The following packages were updated:
  com.unity.2d.animation from version 5.0.3 to 6.0.3
  com.unity.2d.pixel-perfect from version 4.0.1 to 5.0.0
  com.unity.2d.psdimporter from version 4.0.2 to 5.0.3
  com.unity.2d.spriteshape from version 5.1.0 to 6.0.0
  com.unity.collab-proxy from version 1.3.9 to 1.5.7
  com.unity.ide.rider from version 3.0.5 to 3.0.7
  com.unity.ide.visualstudio from version 2.0.7 to 2.0.8
  com.unity.test-framework from version 1.1.22 to 1.1.24
  com.unity.textmeshpro from version 3.0.4 to 3.0.6
  com.unity.timeline from version 1.5.2 to 1.5.5
